#
# There is insufficient memory for the Java Runtime Environment to continue.
# Native memory allocation (malloc) failed to allocate 1048576 bytes for AllocateHeap
# Possible reasons:
#   The system is out of physical RAM or swap space
#   The process is running with CompressedOops enabled, and the Java Heap may be blocking the growth of the native heap
# Possible solutions:
#   Reduce memory load on the system
#   Increase physical memory or swap space
#   Check if swap backing store is full
#   Decrease Java heap size (-Xmx/-Xms)
#   Decrease number of Java threads
#   Decrease Java thread stack sizes (-Xss)
#   Set larger code cache with -XX:ReservedCodeCacheSize=
#   JVM is running with Zero Based Compressed Oops mode in which the Java heap is
#     placed in the first 32GB address space. The Java Heap base address is the
#     maximum limit for the native heap growth. Please use -XX:HeapBaseMinAddress
#     to set the Java Heap base and to place the Java Heap above 32GB virtual address.
# This output file may be truncated or incomplete.
#
#  Out of Memory Error (memory/allocation.inline.hpp:61), pid=4236, tid=0x0000000000001994
#
# JRE version:  (8.0_301-b09) (build )
# Java VM: Java HotSpot(TM) 64-Bit Server VM (25.301-b09 mixed mode windows-amd64 compressed oops)
# Failed to write core dump. Minidumps are not enabled by default on client versions of Windows
#

---------------  T H R E A D  ---------------

Current thread (0x00000199e166f800):  JavaThread "Unknown thread" [_thread_in_vm, id=6548, stack(0x0000003a60300000,0x0000003a60400000)]

Stack: [0x0000003a60300000,0x0000003a60400000]
Native frames: (J=compiled Java code, j=interpreted, Vv=VM code, C=native code)
V  [jvm.dll+0x32ed79]
V  [jvm.dll+0x275722]
V  [jvm.dll+0x2763cd]
V  [jvm.dll+0x26ce05]
V  [jvm.dll+0x509d]
V  [jvm.dll+0x3c9fec]
V  [jvm.dll+0x3c6367]
V  [jvm.dll+0xfcdcf]
V  [jvm.dll+0x20a0bb]
V  [jvm.dll+0x238ae7]
V  [jvm.dll+0x162876]
C  [java.exe+0x2312]
C  [java.exe+0x15f54]
C  [KERNEL32.DLL+0x17034]
C  [ntdll.dll+0x52651]


---------------  P R O C E S S  ---------------

Java Threads: ( => current thread )

Other Threads:

=>0x00000199e166f800 (exited) JavaThread "Unknown thread" [_thread_in_vm, id=6548, stack(0x0000003a60300000,0x0000003a60400000)]

VM state:not at safepoint (normal execution)

VM Mutex/Monitor currently owned by a thread: None

heap address: 0x00000006cae00000, size: 3922 MB, Compressed Oops mode: Zero based, Oop shift amount: 3
Narrow klass base: 0x0000000000000000, Narrow klass shift: 3
Compressed class space size: 1073741824 Address: 0x00000007c0000000

Heap:
 PSYoungGen      total 73728K, used 1269K [0x000000076e500000, 0x0000000773700000, 0x00000007c0000000)
  eden space 63488K, 2% used [0x000000076e500000,0x000000076e63d718,0x0000000772300000)
  from space 10240K, 0% used [0x0000000772d00000,0x0000000772d00000,0x0000000773700000)
  to   space 10240K, 0% used [0x0000000772300000,0x0000000772300000,0x0000000772d00000)
 ParOldGen       total 167936K, used 0K [0x00000006cae00000, 0x00000006d5200000, 0x000000076e500000)
  object space 167936K, 0% used [0x00000006cae00000,0x00000006cae00000,0x00000006d5200000)
 Metaspace       used 778K, capacity 4480K, committed 4480K, reserved 1056768K
  class space    used 76K, capacity 384K, committed 384K, reserved 1048576K

Card table byte_map: [0x00000199f23a0000,0x00000199f2b50000] byte_map_base: 0x00000199eed49000

Marking Bits: (ParMarkBitMap*) 0x0000000058ea7fe0
 Begin Bits: [0x00000199f3070000, 0x00000199f6db8000)
 End Bits:   [0x00000199f6db8000, 0x00000199fab00000)

Polling page: 0x00000199e2fb0000

CodeCache: size=245760Kb used=327Kb max_used=327Kb free=245432Kb
 bounds [0x00000199e2fe0000, 0x00000199e3250000, 0x00000199f1fe0000]
 total_blobs=57 nmethods=0 adapters=38
 compilation: enabled

Compilation events (0 events):
No events

GC Heap History (0 events):
No events

Deoptimization events (0 events):
No events

Classes redefined (0 events):
No events

Internal exceptions (0 events):
No events

Events (10 events):
Event: 0.016 loading class java/lang/Short
Event: 0.016 loading class java/lang/Short done
Event: 0.016 loading class java/lang/Integer
Event: 0.017 loading class java/lang/Integer done
Event: 0.017 loading class java/lang/Long
Event: 0.017 loading class java/lang/Long done
Event: 0.017 loading class java/lang/NullPointerException
Event: 0.017 loading class java/lang/NullPointerException done
Event: 0.017 loading class java/lang/ArithmeticException
Event: 0.017 loading class java/lang/ArithmeticException done


Dynamic libraries:
0x00007ff79f140000 - 0x00007ff79f187000 	D:\Java\jdk1.8.0_301\jre\bin\java.exe
0x00007ffec2370000 - 0x00007ffec2565000 	C:\windows\SYSTEM32\ntdll.dll
0x00007ffec1290000 - 0x00007ffec134e000 	C:\windows\System32\KERNEL32.DLL
0x00007ffebfda0000 - 0x00007ffec0068000 	C:\windows\System32\KERNELBASE.dll
0x00007ffec1030000 - 0x00007ffec10de000 	C:\windows\System32\ADVAPI32.dll
0x00007ffec18a0000 - 0x00007ffec193e000 	C:\windows\System32\msvcrt.dll
0x00007ffec16d0000 - 0x00007ffec176c000 	C:\windows\System32\sechost.dll
0x00007ffec2050000 - 0x00007ffec2175000 	C:\windows\System32\RPCRT4.dll
0x00007ffec1a20000 - 0x00007ffec1bc0000 	C:\windows\System32\USER32.dll
0x00007ffebfcf0000 - 0x00007ffebfd12000 	C:\windows\System32\win32u.dll
0x00007ffec1940000 - 0x00007ffec196b000 	C:\windows\System32\GDI32.dll
0x00007ffec0200000 - 0x00007ffec030d000 	C:\windows\System32\gdi32full.dll
0x00007ffebfc50000 - 0x00007ffebfced000 	C:\windows\System32\msvcp_win.dll
0x00007ffec0100000 - 0x00007ffec0200000 	C:\windows\System32\ucrtbase.dll
0x00007ffea5980000 - 0x00007ffea5c1a000 	C:\windows\WinSxS\amd64_microsoft.windows.common-controls_6595b64144ccf1df_6.0.19041.1110_none_60b5254171f9507e\COMCTL32.dll
0x00007ffec10e0000 - 0x00007ffec1110000 	C:\windows\System32\IMM32.DLL
0x00007ffea7950000 - 0x00007ffea7965000 	D:\Java\jdk1.8.0_301\jre\bin\vcruntime140.dll
0x00007ffe74e60000 - 0x00007ffe74efb000 	D:\Java\jdk1.8.0_301\jre\bin\msvcp140.dll
0x00000000586c0000 - 0x0000000058f20000 	D:\Java\jdk1.8.0_301\jre\bin\server\jvm.dll
0x00007ffec1bc0000 - 0x00007ffec1bc8000 	C:\windows\System32\PSAPI.DLL
0x00007ffea40f0000 - 0x00007ffea40f9000 	C:\windows\SYSTEM32\WSOCK32.dll
0x00007ffeb5820000 - 0x00007ffeb5847000 	C:\windows\SYSTEM32\WINMM.dll
0x00007ffeb6f40000 - 0x00007ffeb6f4a000 	C:\windows\SYSTEM32\VERSION.dll
0x00007ffec0fb0000 - 0x00007ffec101b000 	C:\windows\System32\WS2_32.dll
0x00007ffebe2c0000 - 0x00007ffebe2d2000 	C:\windows\SYSTEM32\kernel.appcore.dll
0x00007ffeabbb0000 - 0x00007ffeabbc0000 	D:\Java\jdk1.8.0_301\jre\bin\verify.dll
0x00007ffea0db0000 - 0x00007ffea0ddb000 	D:\Java\jdk1.8.0_301\jre\bin\java.dll
0x00007ffea7770000 - 0x00007ffea7788000 	D:\Java\jdk1.8.0_301\jre\bin\zip.dll
0x00007ffebdea0000 - 0x00007ffebe084000 	C:\windows\SYSTEM32\dbghelp.dll
0x00007ffec0070000 - 0x00007ffec00f2000 	C:\windows\System32\bcryptPrimitives.dll

VM Arguments:
java_command: D:\java\demo\middleware\server\target\surefire\surefirebooter1275678151323649232.jar D:\java\demo\middleware\server\target\surefire\surefire7003258029127898303tmp D:\java\demo\middleware\server\target\surefire\surefire_0742312187849678673tmp
java_class_path (initial): D:\java\demo\middleware\server\target\surefire\surefirebooter1275678151323649232.jar
Launcher Type: SUN_STANDARD

Environment Variables:
JAVA_HOME=D:\java\jdk-11.0.15.1
CLASSPATH=.;D:\java\jdk-11.0.15.1\lib;D:\java\jdk-11.0.15.1\lib\tools.jar
PATH=C:\windows\system32;C:\windows;C:\windows\System32\Wbem;C:\windows\System32\WindowsPowerShell\v1.0\;C:\windows\System32\OpenSSH\;D:\software\mysql-5.7.26-winx64\bin;C:\ProgramData\chocolatey\bin;D:\software\nodejs\node_global;D:\software\Yarn\bin\;D:\java\maven\apache-maven-3.3.9\bin;D:\software\Git\cmd;D:\shortcut;C:\Program Files (x86)\Common Files\Thunder Network\KanKan\Codecs;D:\software\MinGW\bin;D:\software\TortoiseSVN\bin;D:\software\Python\Python310;D:\software\Python\Python310\Scripts;D:\software\nodejs\;D:\software\anaconda3;D:\software\anaconda3\Scripts;D:\software\anaconda3\Library\bin;D:\software\anaconda3\Library\mingw-w64\bin;D:\software\elasticsearch-6.4.3\bin;D:\software\Microsoft VS Code\bin;D:\java\gradle\gradle-6.8.3\bin;D:\java\jdk-11.0.15.1\bin;D:\java\jdk-11.0.15.1\jre\bin;C:\Users\MaSaisai\AppData\Local\Microsoft\WindowsApps;C:\Users\MaSaisai\AppData\Local\Yarn\bin;C:\Users\MaSaisai\AppData\Roaming\npm
USERNAME=MaSaisai
OS=Windows_NT
PROCESSOR_IDENTIFIER=AMD64 Family 25 Model 80 Stepping 0, AuthenticAMD



---------------  S Y S T E M  ---------------

OS: Windows 10.0 , 64 bit Build 19041 (10.0.19041.1503)

CPU:total 12 (initial active 12) (12 cores per cpu, 1 threads per core) family 25 model 80 stepping 0, cmov, cx8, fxsr, mmx, sse, sse2, sse3, ssse3, sse4.1, sse4.2, popcnt, avx, avx2, aes, clmul, erms, mmxext, 3dnowpref, lzcnt, sse4a, tsc, tscinvbit, tscinv, bmi1

Memory: 4k page, physical 16057404k(2711756k free), swap 16057404k(4152k free)

vm_info: Java HotSpot(TM) 64-Bit Server VM (25.301-b09) for windows-amd64 JRE (1.8.0_301-b09), built on Jun  9 2021 06:46:21 by "java_re" with MS VC++ 15.9 (VS2017)

time: Sun May 15 15:00:40 2022
timezone: 中国标准时间
elapsed time: 0.027542 seconds (0d 0h 0m 0s)

